This is pdfTeX, Version 3.14159265-2.6-1.40.18 (MiKTeX 2.9.6350) (preloaded format=latex 2018.2.12)  11 APR 2018 13:46
entering extended mode
**./ersteseiten.tex
(ersteseiten.tex
LaTeX2e <2017-04-15>
Babel <3.10> and hyphenation patterns for 1 language(s) loaded.

! LaTeX Error: File `sonstiges/titelseite.tex' not found.

Type X to quit or <RETURN> to proceed,
or enter new name. (Default extension: tex)

Enter file name: 
! Emergency stop.
<read *> 
         
l.5 \input{sonstiges/titelseite.tex}
                                    
*** (cannot \read from terminal in nonstop modes)

 
Here is how much of TeX's memory you used:
 8 strings out of 495223
 127 string characters out of 3181768
 45372 words of memory out of 3000000
 3400 multiletter control sequences out of 15000+200000
 3640 words of font info for 14 fonts, out of 3000000 for 9000
 14 hyphenation exceptions out of 8191
 5i,0n,3p,109b,8s stack positions out of 5000i,500n,10000p,200000b,50000s
No pages of output.
